Using pre-set license
Built from '2020.3/release' branch; Version is '2020.3.1f1 (77a89f25062f) revision 7841951'; Using compiler version '192528614'; Build Type 'Release'
OS: 'Windows 10 Home; OS build 19043.1526; Version 2009; 64bit' Language: 'en' Physical Memory: 7873 MB
BatchMode: 1, IsHumanControllingUs: 0, StartBugReporterOnCrash: 0, Is64bit: 1, IsPro: 0

 COMMAND LINE ARGUMENTS:
D:\Unity\Editor\2020.3.1f1\Editor\Unity.exe
-adb2
-batchMode
-noUpm
-name
AssetImportWorker2
-projectPath
D:/GameDev/Uni/WindyGun/GAM3002 - Windy Gun
-logFile
Logs/AssetImportWorker2.log
-srvPort
65314
Successfully changed project path to: D:/GameDev/Uni/WindyGun/GAM3002 - Windy Gun
D:/GameDev/Uni/WindyGun/GAM3002 - Windy Gun
Using Asset Import Pipeline V2.
Refreshing native plugins compatible for Editor in 37.05 ms, found 0 plugins.
Preloading 0 native plugins for Editor in 0.00 ms.
Initialize engine version: 2020.3.1f1 (77a89f25062f)
[Subsystems] Discovering subsystems at path D:/Unity/Editor/2020.3.1f1/Editor/Data/Resources/UnitySubsystems
[Subsystems] Discovering subsystems at path D:/GameDev/Uni/WindyGun/GAM3002 - Windy Gun/Assets
GfxDevice: creating device client; threaded=0
Direct3D:
    Version:  Direct3D 11.0 [level 11.1]
    Renderer: Radeon RX 560X (ID=0x67ef)
    Vendor:   
    VRAM:     4076 MB
    Driver:   26.20.12036.4002
Initialize mono
Mono path[0] = 'D:/Unity/Editor/2020.3.1f1/Editor/Data/Managed'
Mono path[1] = 'D:/Unity/Editor/2020.3.1f1/Editor/Data/MonoBleedingEdge/lib/mono/unityjit'
Mono config path = 'D:/Unity/Editor/2020.3.1f1/Editor/Data/MonoBleedingEdge/etc'
Using monoOptions --debugger-agent=transport=dt_socket,embedding=1,server=y,suspend=n,address=127.0.0.1:56180
Begin MonoManager ReloadAssembly
Registering precompiled unity dll's ...
Register platform support module: D:/Unity/Editor/2020.3.1f1/Editor/Data/PlaybackEngines/WindowsStandaloneSupport/UnityEditor.WindowsStandalone.Extensions.dll
Registered in 0.029436 seconds.
Native extension for WindowsStandalone target not found
Refreshing native plugins compatible for Editor in 39.72 ms, found 0 plugins.
Preloading 0 native plugins for Editor in 0.00 ms.
Invoked RoslynAnalysisRunner static constructor.
RoslynAnalysisRunner will not be running.
RoslynAnalysisRunner has terminated.
Mono: successfully reloaded assembly
- Completed reload, in  3.539 seconds
Platform modules already initialized, skipping
Registering precompiled user dll's ...
Registered in 0.017268 seconds.
Begin MonoManager ReloadAssembly
Native extension for WindowsStandalone target not found
Refreshing native plugins compatible for Editor in 0.58 ms, found 0 plugins.
Preloading 0 native plugins for Editor in 0.00 ms.
Invoked RoslynAnalysisRunner static constructor.
RoslynAnalysisRunner will not be running.
RoslynAnalysisRunner has terminated.
Mono: successfully reloaded assembly
- Completed reload, in  2.435 seconds
Platform modules already initialized, skipping
========================================================================
Worker process is ready to serve import requests
Launched and connected shader compiler UnityShaderCompiler.exe after 0.11 seconds
Refreshing native plugins compatible for Editor in 0.58 ms, found 0 plugins.
Preloading 0 native plugins for Editor in 0.00 ms.
Unloading 1486 Unused Serialized files (Serialized files now loaded: 0)
System memory in use before: 84.4 MB.
System memory in use after: 84.4 MB.

Unloading 10 unused Assets to reduce memory usage. Loaded Objects now: 1949.
Total: 3.106500 ms (FindLiveObjects: 0.423300 ms CreateObjectMapping: 0.139200 ms MarkObjects: 2.356700 ms  DeleteObjects: 0.185400 ms)

========================================================================
Received Import Request.
  path: Assets/Prefabs/WindArea.prefab
  artifactKey: Guid(f2a2a810d529fdd418efc9ea4d23cd05) Importer(815301076,1909f56bfc062723c751e8b465ee728b)
Start importing Assets/Prefabs/WindArea.prefab using Guid(f2a2a810d529fdd418efc9ea4d23cd05) Importer(815301076,1909f56bfc062723c751e8b465ee728b)  -> (artifact id: 'b56cac0b6bc7bf74f3db84801ce5ecd2') in 0.351362 seconds
  Import took 0.355258 seconds .

========================================================================
Received Import Request.
  Time since last request: 4.279925 seconds.
  path: Assets/Prefabs/WindArea.prefab
  artifactKey: Guid(f2a2a810d529fdd418efc9ea4d23cd05) Importer(815301076,1909f56bfc062723c751e8b465ee728b)
Start importing Assets/Prefabs/WindArea.prefab using Guid(f2a2a810d529fdd418efc9ea4d23cd05) Importer(815301076,1909f56bfc062723c751e8b465ee728b)  -> (artifact id: 'bf867ce2c6e1c7fc6935eba2557398fb') in 0.014448 seconds
  Import took 0.018820 seconds .

========================================================================
Received Import Request.
  Time since last request: 8.229505 seconds.
  path: Assets/Prefabs/WindArea.prefab
  artifactKey: Guid(f2a2a810d529fdd418efc9ea4d23cd05) Importer(815301076,1909f56bfc062723c751e8b465ee728b)
Start importing Assets/Prefabs/WindArea.prefab using Guid(f2a2a810d529fdd418efc9ea4d23cd05) Importer(815301076,1909f56bfc062723c751e8b465ee728b)  -> (artifact id: '44a6f378aad76bb977771fec91c3a43e') in 0.016250 seconds
  Import took 0.021065 seconds .

========================================================================
Received Import Request.
  Time since last request: 5.670488 seconds.
  path: Assets/Prefabs/WindArea.prefab
  artifactKey: Guid(f2a2a810d529fdd418efc9ea4d23cd05) Importer(815301076,1909f56bfc062723c751e8b465ee728b)
Start importing Assets/Prefabs/WindArea.prefab using Guid(f2a2a810d529fdd418efc9ea4d23cd05) Importer(815301076,1909f56bfc062723c751e8b465ee728b)  -> (artifact id: 'dd085586ec7c9bcceb584a6e2521644b') in 0.015829 seconds
  Import took 0.019477 seconds .

========================================================================
Received Import Request.
  Time since last request: 5.615353 seconds.
  path: Assets/Prefabs/WindArea.prefab
  artifactKey: Guid(f2a2a810d529fdd418efc9ea4d23cd05) Importer(815301076,1909f56bfc062723c751e8b465ee728b)
Start importing Assets/Prefabs/WindArea.prefab using Guid(f2a2a810d529fdd418efc9ea4d23cd05) Importer(815301076,1909f56bfc062723c751e8b465ee728b)  -> (artifact id: '0b626777b88f760de7708117e506d062') in 0.016303 seconds
  Import took 0.020532 seconds .

========================================================================
Received Import Request.
  Time since last request: 4.168389 seconds.
  path: Assets/Prefabs/WindArea.prefab
  artifactKey: Guid(f2a2a810d529fdd418efc9ea4d23cd05) Importer(815301076,1909f56bfc062723c751e8b465ee728b)
Start importing Assets/Prefabs/WindArea.prefab using Guid(f2a2a810d529fdd418efc9ea4d23cd05) Importer(815301076,1909f56bfc062723c751e8b465ee728b)  -> (artifact id: 'c92a9146044e2a1dbfa252aa7c072e35') in 0.014627 seconds
  Import took 0.018961 seconds .

========================================================================
Received Import Request.
  Time since last request: 46.697474 seconds.
  path: Assets/Prefabs/WindArea.prefab
  artifactKey: Guid(f2a2a810d529fdd418efc9ea4d23cd05) Importer(815301076,1909f56bfc062723c751e8b465ee728b)
Start importing Assets/Prefabs/WindArea.prefab using Guid(f2a2a810d529fdd418efc9ea4d23cd05) Importer(815301076,1909f56bfc062723c751e8b465ee728b)  -> (artifact id: 'd00d5e357c1c08612e01996f9919ee27') in 0.016134 seconds
  Import took 0.021575 seconds .

========================================================================
Received Import Request.
  Time since last request: 49.124071 seconds.
  path: Assets/Prefabs/WindArea.prefab
  artifactKey: Guid(f2a2a810d529fdd418efc9ea4d23cd05) Importer(815301076,1909f56bfc062723c751e8b465ee728b)
Start importing Assets/Prefabs/WindArea.prefab using Guid(f2a2a810d529fdd418efc9ea4d23cd05) Importer(815301076,1909f56bfc062723c751e8b465ee728b)  -> (artifact id: '1b1fca2b7ae8e9a920cf3bc6b308c1c9') in 0.017347 seconds
  Import took 0.022067 seconds .

========================================================================
Received Import Request.
  Time since last request: 6.897189 seconds.
  path: Assets/Prefabs/WindArea.prefab
  artifactKey: Guid(f2a2a810d529fdd418efc9ea4d23cd05) Importer(815301076,1909f56bfc062723c751e8b465ee728b)
Start importing Assets/Prefabs/WindArea.prefab using Guid(f2a2a810d529fdd418efc9ea4d23cd05) Importer(815301076,1909f56bfc062723c751e8b465ee728b)  -> (artifact id: 'f3b4ceb4fe38ca5b5ea180c74aff750b') in 0.013849 seconds
  Import took 0.017825 seconds .

========================================================================
Received Prepare
Registering precompiled user dll's ...
Registered in 0.001034 seconds.
Begin MonoManager ReloadAssembly
Native extension for WindowsStandalone target not found
Refreshing native plugins compatible for Editor in 0.49 ms, found 0 plugins.
Preloading 0 native plugins for Editor in 0.00 ms.
Invoked RoslynAnalysisRunner static constructor.
RoslynAnalysisRunner will not be running.
RoslynAnalysisRunner has terminated.
Mono: successfully reloaded assembly
- Completed reload, in  1.197 seconds
Platform modules already initialized, skipping
Refreshing native plugins compatible for Editor in 0.57 ms, found 0 plugins.
Preloading 0 native plugins for Editor in 0.00 ms.
Unloading 1458 Unused Serialized files (Serialized files now loaded: 0)
System memory in use before: 85.7 MB.
System memory in use after: 85.8 MB.

Unloading 7 unused Assets to reduce memory usage. Loaded Objects now: 1960.
Total: 2.637500 ms (FindLiveObjects: 0.289700 ms CreateObjectMapping: 0.042400 ms MarkObjects: 2.184400 ms  DeleteObjects: 0.119100 ms)

========================================================================
Received Import Request.
  Time since last request: 62.946659 seconds.
  path: Assets/Prefabs/WindArea.prefab
  artifactKey: Guid(f2a2a810d529fdd418efc9ea4d23cd05) Importer(815301076,1909f56bfc062723c751e8b465ee728b)
Start importing Assets/Prefabs/WindArea.prefab using Guid(f2a2a810d529fdd418efc9ea4d23cd05) Importer(815301076,1909f56bfc062723c751e8b465ee728b)  -> (artifact id: '76ef26de0771966e25ceacb6b5eb0a5a') in 0.084941 seconds
  Import took 0.088062 seconds .

========================================================================
Received Import Request.
  Time since last request: 9.908495 seconds.
  path: Assets/Prefabs/WindArea.prefab
  artifactKey: Guid(f2a2a810d529fdd418efc9ea4d23cd05) Importer(815301076,1909f56bfc062723c751e8b465ee728b)
Start importing Assets/Prefabs/WindArea.prefab using Guid(f2a2a810d529fdd418efc9ea4d23cd05) Importer(815301076,1909f56bfc062723c751e8b465ee728b)  -> (artifact id: 'bdcba7c19e173edcb5af8aeb94883fd6') in 0.015927 seconds
  Import took 0.020465 seconds .

========================================================================
Received Import Request.
  Time since last request: 3.463922 seconds.
  path: Assets/Prefabs/WindArea.prefab
  artifactKey: Guid(f2a2a810d529fdd418efc9ea4d23cd05) Importer(815301076,1909f56bfc062723c751e8b465ee728b)
Start importing Assets/Prefabs/WindArea.prefab using Guid(f2a2a810d529fdd418efc9ea4d23cd05) Importer(815301076,1909f56bfc062723c751e8b465ee728b)  -> (artifact id: '2469fc6e14eddd9bacedbef477ae4580') in 0.011922 seconds
  Import took 0.015479 seconds .

========================================================================
Received Import Request.
  Time since last request: 95.913873 seconds.
  path: Assets/Materials/greenleaf.png
  artifactKey: Guid(928901e2ee8cecb4e9fb5fcc1f30cb2b) Importer(815301076,1909f56bfc062723c751e8b465ee728b)
Start importing Assets/Materials/greenleaf.png using Guid(928901e2ee8cecb4e9fb5fcc1f30cb2b) Importer(815301076,1909f56bfc062723c751e8b465ee728b)  -> (artifact id: 'c536044bde21ecb691bcff604df74ab1') in 0.139657 seconds
  Import took 0.143040 seconds .

========================================================================
Received Import Request.
  Time since last request: 7.711043 seconds.
  path: Assets/Materials/greenleaf.png
  artifactKey: Guid(928901e2ee8cecb4e9fb5fcc1f30cb2b) Importer(815301076,1909f56bfc062723c751e8b465ee728b)
Start importing Assets/Materials/greenleaf.png using Guid(928901e2ee8cecb4e9fb5fcc1f30cb2b) Importer(815301076,1909f56bfc062723c751e8b465ee728b)  -> (artifact id: '455f83ab1015afed0bd609de748a5b20') in 0.141613 seconds
  Import took 0.145902 seconds .

========================================================================
Received Import Request.
  Time since last request: 299.749451 seconds.
  path: Assets/Materials/greenleaf.png
  artifactKey: Guid(928901e2ee8cecb4e9fb5fcc1f30cb2b) Importer(815301076,1909f56bfc062723c751e8b465ee728b)
Start importing Assets/Materials/greenleaf.png using Guid(928901e2ee8cecb4e9fb5fcc1f30cb2b) Importer(815301076,1909f56bfc062723c751e8b465ee728b)  -> (artifact id: 'c1d750c257be333645d9f8f8b3b5333c') in 0.070006 seconds
  Import took 0.073183 seconds .

========================================================================
Received Import Request.
  Time since last request: 15.446289 seconds.
  path: Assets/Materials/greenleaf.mat
  artifactKey: Guid(4fc4fbc14b54b4846a2eeb7c82c4874c) Importer(815301076,1909f56bfc062723c751e8b465ee728b)
Start importing Assets/Materials/greenleaf.mat using Guid(4fc4fbc14b54b4846a2eeb7c82c4874c) Importer(815301076,1909f56bfc062723c751e8b465ee728b)  -> (artifact id: '670932dc64a0e30de7a3be5b9503cfcf') in 0.495034 seconds
  Import took 0.498027 seconds .

========================================================================
Received Import Request.
  Time since last request: 248.727656 seconds.
  path: Assets/Materials/greenleaf.png
  artifactKey: Guid(928901e2ee8cecb4e9fb5fcc1f30cb2b) Importer(815301076,1909f56bfc062723c751e8b465ee728b)
Start importing Assets/Materials/greenleaf.png using Guid(928901e2ee8cecb4e9fb5fcc1f30cb2b) Importer(815301076,1909f56bfc062723c751e8b465ee728b)  -> (artifact id: 'c0af80e6d39e6f3e434f7d4c1e195d10') in 0.095485 seconds
  Import took 0.100861 seconds .

========================================================================
Received Import Request.
  Time since last request: 115.255690 seconds.
  path: Assets/Materials/greenleaf.png
  artifactKey: Guid(928901e2ee8cecb4e9fb5fcc1f30cb2b) Importer(815301076,1909f56bfc062723c751e8b465ee728b)
Start importing Assets/Materials/greenleaf.png using Guid(928901e2ee8cecb4e9fb5fcc1f30cb2b) Importer(815301076,1909f56bfc062723c751e8b465ee728b)  -> (artifact id: 'f8c217d162e54e7d7afd96d8172080e1') in 0.027691 seconds
  Import took 0.032606 seconds .

========================================================================
Received Import Request.
  Time since last request: 346.912790 seconds.
  path: Assets/Materials/greenleaf.mat
  artifactKey: Guid(4fc4fbc14b54b4846a2eeb7c82c4874c) Importer(815301076,1909f56bfc062723c751e8b465ee728b)
Start importing Assets/Materials/greenleaf.mat using Guid(4fc4fbc14b54b4846a2eeb7c82c4874c) Importer(815301076,1909f56bfc062723c751e8b465ee728b)  -> (artifact id: '877ff2720723aa54a46e1cdc17e0198c') in 0.073713 seconds
  Import took 0.077413 seconds .

AssetImportWorkerClient::OnTransportError - code=2 error=End of file
