Using pre-set license
Built from '2020.3/release' branch; Version is '2020.3.1f1 (77a89f25062f) revision 7841951'; Using compiler version '192528614'; Build Type 'Release'
OS: 'Windows 10 Home; OS build 19045.3693; Version 2009; 64bit' Language: 'en' Physical Memory: 7873 MB
BatchMode: 1, IsHumanControllingUs: 0, StartBugReporterOnCrash: 0, Is64bit: 1, IsPro: 0

 COMMAND LINE ARGUMENTS:
D:\Unity\Editor\2020.3.1f1\Editor\Unity.exe
-adb2
-batchMode
-noUpm
-name
AssetImportWorker3
-projectPath
D:/GameDev/Uni/WindyGun/GAM3002 - Windy Gun
-logFile
Logs/AssetImportWorker3.log
-srvPort
65441
Successfully changed project path to: D:/GameDev/Uni/WindyGun/GAM3002 - Windy Gun
D:/GameDev/Uni/WindyGun/GAM3002 - Windy Gun
Using Asset Import Pipeline V2.
Refreshing native plugins compatible for Editor in 43.63 ms, found 0 plugins.
Preloading 0 native plugins for Editor in 0.00 ms.
Initialize engine version: 2020.3.1f1 (77a89f25062f)
[Subsystems] Discovering subsystems at path D:/Unity/Editor/2020.3.1f1/Editor/Data/Resources/UnitySubsystems
[Subsystems] Discovering subsystems at path D:/GameDev/Uni/WindyGun/GAM3002 - Windy Gun/Assets
GfxDevice: creating device client; threaded=0
Direct3D:
    Version:  Direct3D 11.0 [level 11.1]
    Renderer: Radeon RX 560X (ID=0x67ef)
    Vendor:   
    VRAM:     4074 MB
    Driver:   31.0.14001.45012
Initialize mono
Mono path[0] = 'D:/Unity/Editor/2020.3.1f1/Editor/Data/Managed'
Mono path[1] = 'D:/Unity/Editor/2020.3.1f1/Editor/Data/MonoBleedingEdge/lib/mono/unityjit'
Mono config path = 'D:/Unity/Editor/2020.3.1f1/Editor/Data/MonoBleedingEdge/etc'
Using monoOptions --debugger-agent=transport=dt_socket,embedding=1,server=y,suspend=n,address=127.0.0.1:56488
Begin MonoManager ReloadAssembly
Registering precompiled unity dll's ...
Register platform support module: D:/Unity/Editor/2020.3.1f1/Editor/Data/PlaybackEngines/WindowsStandaloneSupport/UnityEditor.WindowsStandalone.Extensions.dll
Registered in 0.031822 seconds.
Native extension for WindowsStandalone target not found
Refreshing native plugins compatible for Editor in 45.56 ms, found 0 plugins.
Preloading 0 native plugins for Editor in 0.00 ms.
Invoked RoslynAnalysisRunner static constructor.
RoslynAnalysisRunner will not be running.
RoslynAnalysisRunner has terminated.
Mono: successfully reloaded assembly
- Completed reload, in  3.935 seconds
Platform modules already initialized, skipping
Registering precompiled user dll's ...
Registered in 0.075974 seconds.
Begin MonoManager ReloadAssembly
Native extension for WindowsStandalone target not found
Refreshing native plugins compatible for Editor in 52.44 ms, found 0 plugins.
Preloading 0 native plugins for Editor in 0.00 ms.
Invoked RoslynAnalysisRunner static constructor.
RoslynAnalysisRunner will not be running.
RoslynAnalysisRunner has terminated.
Mono: successfully reloaded assembly
- Completed reload, in  1.541 seconds
Platform modules already initialized, skipping
========================================================================
Worker process is ready to serve import requests
Launched and connected shader compiler UnityShaderCompiler.exe after 0.08 seconds
Refreshing native plugins compatible for Editor in 0.51 ms, found 0 plugins.
Preloading 0 native plugins for Editor in 0.00 ms.
Unloading 1832 Unused Serialized files (Serialized files now loaded: 0)
System memory in use before: 101.1 MB.
System memory in use after: 101.2 MB.

Unloading 10 unused Assets to reduce memory usage. Loaded Objects now: 2309.
Total: 2.986300 ms (FindLiveObjects: 0.262500 ms CreateObjectMapping: 0.063200 ms MarkObjects: 2.613800 ms  DeleteObjects: 0.044300 ms)

========================================================================
Received Import Request.
  path: Assets/Prefabs/TitleText.prefab
  artifactKey: Guid(ad6d4ddb1a9efb0488d9cf363d2d55d2) Importer(815301076,1909f56bfc062723c751e8b465ee728b)
Start importing Assets/Prefabs/TitleText.prefab using Guid(ad6d4ddb1a9efb0488d9cf363d2d55d2) Importer(815301076,1909f56bfc062723c751e8b465ee728b)  -> (artifact id: 'f090d9333bfbc6ab9ed4de75b2721d06') in 0.185292 seconds
  Import took 0.202463 seconds .

========================================================================
Received Import Request.
  Time since last request: 0.000302 seconds.
  path: Assets/Prefabs/newPlayer.prefab
  artifactKey: Guid(473acb20fbde05247871679c3e78e8d4) Importer(815301076,1909f56bfc062723c751e8b465ee728b)
Start importing Assets/Prefabs/newPlayer.prefab using Guid(473acb20fbde05247871679c3e78e8d4) Importer(815301076,1909f56bfc062723c751e8b465ee728b)  -> (artifact id: '0e4b6c0a8ab6064895acacaead815b8f') in 0.780147 seconds
  Import took 0.803428 seconds .

========================================================================
Received Prepare
Refreshing native plugins compatible for Editor in 1.79 ms, found 0 plugins.
Preloading 0 native plugins for Editor in 0.00 ms.
Unloading 3 Unused Serialized files (Serialized files now loaded: 0)
System memory in use before: 68.7 MB.
System memory in use after: 68.8 MB.

Unloading 9 unused Assets to reduce memory usage. Loaded Objects now: 2320.
Total: 3.849000 ms (FindLiveObjects: 0.361300 ms CreateObjectMapping: 0.082400 ms MarkObjects: 3.366100 ms  DeleteObjects: 0.037000 ms)

========================================================================
Received Import Request.
  Time since last request: 47.128376 seconds.
  path: Assets/Prefabs/TitleText.prefab
  artifactKey: Guid(ad6d4ddb1a9efb0488d9cf363d2d55d2) Importer(815301076,1909f56bfc062723c751e8b465ee728b)
Start importing Assets/Prefabs/TitleText.prefab using Guid(ad6d4ddb1a9efb0488d9cf363d2d55d2) Importer(815301076,1909f56bfc062723c751e8b465ee728b)  -> (artifact id: '32efb8f2027ad67719622147e108089a') in 0.005820 seconds
  Import took 0.087494 seconds .

========================================================================
Received Import Request.
  Time since last request: 6.906562 seconds.
  path: Assets/Prefabs/TitleText.prefab
  artifactKey: Guid(ad6d4ddb1a9efb0488d9cf363d2d55d2) Importer(815301076,1909f56bfc062723c751e8b465ee728b)
Start importing Assets/Prefabs/TitleText.prefab using Guid(ad6d4ddb1a9efb0488d9cf363d2d55d2) Importer(815301076,1909f56bfc062723c751e8b465ee728b)  -> (artifact id: 'a28c5495baf985184e8f7547ab2f6366') in 0.005687 seconds
  Import took 0.170456 seconds .

========================================================================
Received Import Request.
  Time since last request: 46.622452 seconds.
  path: Assets/Prefabs/TitleText.prefab
  artifactKey: Guid(ad6d4ddb1a9efb0488d9cf363d2d55d2) Importer(815301076,1909f56bfc062723c751e8b465ee728b)
Start importing Assets/Prefabs/TitleText.prefab using Guid(ad6d4ddb1a9efb0488d9cf363d2d55d2) Importer(815301076,1909f56bfc062723c751e8b465ee728b)  -> (artifact id: 'e59e1d016f14808ce29e52461c6f28d0') in 0.005700 seconds
  Import took 0.022994 seconds .

========================================================================
Received Import Request.
  Time since last request: 3.441333 seconds.
  path: Assets/Prefabs/TitleText.prefab
  artifactKey: Guid(ad6d4ddb1a9efb0488d9cf363d2d55d2) Importer(815301076,1909f56bfc062723c751e8b465ee728b)
Start importing Assets/Prefabs/TitleText.prefab using Guid(ad6d4ddb1a9efb0488d9cf363d2d55d2) Importer(815301076,1909f56bfc062723c751e8b465ee728b)  -> (artifact id: '8c8e517cdaad008a749efaac0dfb0c74') in 0.006352 seconds
  Import took 0.177494 seconds .

========================================================================
Received Import Request.
  Time since last request: 10.646810 seconds.
  path: Assets/Prefabs/TitleText.prefab
  artifactKey: Guid(ad6d4ddb1a9efb0488d9cf363d2d55d2) Importer(815301076,1909f56bfc062723c751e8b465ee728b)
Start importing Assets/Prefabs/TitleText.prefab using Guid(ad6d4ddb1a9efb0488d9cf363d2d55d2) Importer(815301076,1909f56bfc062723c751e8b465ee728b)  -> (artifact id: '437466db40ff3f5fa80e0aaa7d911673') in 0.005478 seconds
  Import took 0.022740 seconds .

========================================================================
Received Import Request.
  Time since last request: 4.033852 seconds.
  path: Assets/Prefabs/TitleText.prefab
  artifactKey: Guid(ad6d4ddb1a9efb0488d9cf363d2d55d2) Importer(815301076,1909f56bfc062723c751e8b465ee728b)
Start importing Assets/Prefabs/TitleText.prefab using Guid(ad6d4ddb1a9efb0488d9cf363d2d55d2) Importer(815301076,1909f56bfc062723c751e8b465ee728b)  -> (artifact id: '54a415eff19779b923f3957ce335cad6') in 0.007785 seconds
  Import took 0.019371 seconds .

========================================================================
Received Import Request.
  Time since last request: 10.597591 seconds.
  path: Assets/Prefabs/TitleText.prefab
  artifactKey: Guid(ad6d4ddb1a9efb0488d9cf363d2d55d2) Importer(815301076,1909f56bfc062723c751e8b465ee728b)
Start importing Assets/Prefabs/TitleText.prefab using Guid(ad6d4ddb1a9efb0488d9cf363d2d55d2) Importer(815301076,1909f56bfc062723c751e8b465ee728b)  -> (artifact id: '823ca61a3bc829725af622bbe913d782') in 0.005789 seconds
  Import took 0.033755 seconds .

========================================================================
Received Import Request.
  Time since last request: 17.925585 seconds.
  path: Assets/Prefabs/TitleText.prefab
  artifactKey: Guid(ad6d4ddb1a9efb0488d9cf363d2d55d2) Importer(815301076,1909f56bfc062723c751e8b465ee728b)
Start importing Assets/Prefabs/TitleText.prefab using Guid(ad6d4ddb1a9efb0488d9cf363d2d55d2) Importer(815301076,1909f56bfc062723c751e8b465ee728b)  -> (artifact id: '63133802290e013f155f732ff220ab30') in 0.005467 seconds
  Import took 0.018699 seconds .

========================================================================
Received Import Request.
  Time since last request: 6.545519 seconds.
  path: Assets/Prefabs/TitleText.prefab
  artifactKey: Guid(ad6d4ddb1a9efb0488d9cf363d2d55d2) Importer(815301076,1909f56bfc062723c751e8b465ee728b)
Start importing Assets/Prefabs/TitleText.prefab using Guid(ad6d4ddb1a9efb0488d9cf363d2d55d2) Importer(815301076,1909f56bfc062723c751e8b465ee728b)  -> (artifact id: 'b856eeb073ad33e652d9efb1a7316067') in 0.006718 seconds
  Import took 0.027557 seconds .

========================================================================
Received Import Request.
  Time since last request: 13.417891 seconds.
  path: Assets/Prefabs/TitleText.prefab
  artifactKey: Guid(ad6d4ddb1a9efb0488d9cf363d2d55d2) Importer(815301076,1909f56bfc062723c751e8b465ee728b)
Start importing Assets/Prefabs/TitleText.prefab using Guid(ad6d4ddb1a9efb0488d9cf363d2d55d2) Importer(815301076,1909f56bfc062723c751e8b465ee728b)  -> (artifact id: '9c2d12f66957dad8ad4209c14499cc69') in 0.005601 seconds
  Import took 0.030702 seconds .

========================================================================
Received Import Request.
  Time since last request: 14.107823 seconds.
  path: Assets/Prefabs/TitleText.prefab
  artifactKey: Guid(ad6d4ddb1a9efb0488d9cf363d2d55d2) Importer(815301076,1909f56bfc062723c751e8b465ee728b)
Start importing Assets/Prefabs/TitleText.prefab using Guid(ad6d4ddb1a9efb0488d9cf363d2d55d2) Importer(815301076,1909f56bfc062723c751e8b465ee728b)  -> (artifact id: '5fc1d83e0165b96cdc44caef93db74d8') in 0.005445 seconds
  Import took 0.027456 seconds .

========================================================================
Received Import Request.
  Time since last request: 10.074326 seconds.
  path: Assets/Prefabs/TitleText.prefab
  artifactKey: Guid(ad6d4ddb1a9efb0488d9cf363d2d55d2) Importer(815301076,1909f56bfc062723c751e8b465ee728b)
Start importing Assets/Prefabs/TitleText.prefab using Guid(ad6d4ddb1a9efb0488d9cf363d2d55d2) Importer(815301076,1909f56bfc062723c751e8b465ee728b)  -> (artifact id: 'e2e677dd896c16ce406ece2d1c7b23fb') in 0.005582 seconds
  Import took 0.016048 seconds .

========================================================================
Received Import Request.
  Time since last request: 13.786774 seconds.
  path: Assets/Prefabs/TitleText.prefab
  artifactKey: Guid(ad6d4ddb1a9efb0488d9cf363d2d55d2) Importer(815301076,1909f56bfc062723c751e8b465ee728b)
Start importing Assets/Prefabs/TitleText.prefab using Guid(ad6d4ddb1a9efb0488d9cf363d2d55d2) Importer(815301076,1909f56bfc062723c751e8b465ee728b)  -> (artifact id: '997c8364db8fd607a6a6d173e6756ec0') in 0.006886 seconds
  Import took 0.027428 seconds .

========================================================================
Received Import Request.
  Time since last request: 30.024843 seconds.
  path: Assets/Prefabs/TitleText.prefab
  artifactKey: Guid(ad6d4ddb1a9efb0488d9cf363d2d55d2) Importer(815301076,1909f56bfc062723c751e8b465ee728b)
Start importing Assets/Prefabs/TitleText.prefab using Guid(ad6d4ddb1a9efb0488d9cf363d2d55d2) Importer(815301076,1909f56bfc062723c751e8b465ee728b)  -> (artifact id: '08d97430b54ffe4c33b08167183fb4fb') in 0.007810 seconds
  Import took 0.018708 seconds .

========================================================================
Received Import Request.
  Time since last request: 5.506136 seconds.
  path: Assets/Prefabs/TitleText.prefab
  artifactKey: Guid(ad6d4ddb1a9efb0488d9cf363d2d55d2) Importer(815301076,1909f56bfc062723c751e8b465ee728b)
Start importing Assets/Prefabs/TitleText.prefab using Guid(ad6d4ddb1a9efb0488d9cf363d2d55d2) Importer(815301076,1909f56bfc062723c751e8b465ee728b)  -> (artifact id: 'f39521bc42a18ab26777b234e1ab3dde') in 0.005337 seconds
  Import took 0.022168 seconds .

AssetImportWorkerClient::OnTransportError - code=2 error=End of file
